#
# There is insufficient memory for the Java Runtime Environment to continue.
# Native memory allocation (mmap) failed to map 257949696 bytes for G1 virtual space
# Possible reasons:
#   The system is out of physical RAM or swap space
#   The process is running with CompressedOops enabled, and the Java Heap may be blocking the growth of the native heap
# Possible solutions:
#   Reduce memory load on the system
#   Increase physical memory or swap space
#   Check if swap backing store is full
#   Decrease Java heap size (-Xmx/-Xms)
#   Decrease number of Java threads
#   Decrease Java thread stack sizes (-Xss)
#   Set larger code cache with -XX:ReservedCodeCacheSize=
#   JVM is running with Zero Based Compressed Oops mode in which the Java heap is
#     placed in the first 32GB address space. The Java Heap base address is the
#     maximum limit for the native heap growth. Please use -XX:HeapBaseMinAddress
#     to set the Java Heap base and to place the Java Heap above 32GB virtual address.
# This output file may be truncated or incomplete.
#
#  Out of Memory Error (os_windows.cpp:3469), pid=7076, tid=12344
#
# JRE version:  (17.0.1+12) (build )
# Java VM: OpenJDK 64-Bit Server VM (17.0.1+12-39, mixed mode, sharing, tiered, compressed oops, compressed class ptrs, g1 gc, windows-amd64)
# No core dump will be written. Minidumps are not enabled by default on client versions of Windows
#

---------------  S U M M A R Y ------------

Command Line: -javaagent:C:\Program Files\JetBrains\IntelliJ IDEA 2021.2.2\lib\idea_rt.jar=63191:C:\Program Files\JetBrains\IntelliJ IDEA 2021.2.2\bin -Dfile.encoding=UTF-8 MainAppFrame

Host: AMD Ryzen 5 4600H with Radeon Graphics         , 12 cores, 15G,  Windows 10 , 64 bit Build 19041 (10.0.19041.662)
Time: Sat Dec  4 04:36:16 2021 Central Asia Standard Time elapsed time: 0.006186 seconds (0d 0h 0m 0s)

---------------  T H R E A D  ---------------

Current thread (0x000002647379c380):  JavaThread "Unknown thread" [_thread_in_vm, id=12344, stack(0x0000007187200000,0x0000007187300000)]

Stack: [0x0000007187200000,0x0000007187300000]
Native frames: (J=compiled Java code, j=interpreted, Vv=VM code, C=native code)
V  [jvm.dll+0x66fa1a]
V  [jvm.dll+0x7ce5a4]
V  [jvm.dll+0x7cfd4e]
V  [jvm.dll+0x7d03b3]
V  [jvm.dll+0x242b05]
V  [jvm.dll+0x66ca39]
V  [jvm.dll+0x661502]
V  [jvm.dll+0x30081b]
V  [jvm.dll+0x307da6]
V  [jvm.dll+0x357a1e]
V  [jvm.dll+0x357c4f]
V  [jvm.dll+0x2d7ad8]
V  [jvm.dll+0x2d8a44]
V  [jvm.dll+0x7a01e1]
V  [jvm.dll+0x365791]
V  [jvm.dll+0x77f6cc]
V  [jvm.dll+0x3e812f]
V  [jvm.dll+0x3e9bd1]
C  [jli.dll+0x527b]
C  [ucrtbase.dll+0x214c2]
C  [KERNEL32.DLL+0x17034]
C  [ntdll.dll+0x4d0d1]


---------------  P R O C E S S  ---------------

Threads class SMR info:
_java_thread_list=0x00007ff90d497818, length=0, elements={
}

Java Threads: ( => current thread )

Other Threads:
  0x00000264737eab30 GCTaskThread "GC Thread#0" [stack: 0x0000007187300000,0x0000007187400000] [id=13272]
  0x00000264737fb070 ConcurrentGCThread "G1 Main Marker" [stack: 0x0000007187400000,0x0000007187500000] [id=4824]
  0x00000264737fe130 ConcurrentGCThread "G1 Conc#0" [stack: 0x0000007187500000,0x0000007187600000] [id=9792]

[error occurred during error reporting (printing all threads), id 0xc0000005, EXCEPTION_ACCESS_VIOLATION (0xc0000005) at pc=0x00007ff90cce84b7]

VM state: not at safepoint (not fully initialized)

VM Mutex/Monitor currently owned by a thread:  ([mutex/lock_event])
[0x00000264737984b0] Heap_lock - owner thread: 0x000002647379c380

Heap address: 0x000000070a000000, size: 3936 MB, Compressed Oops mode: Zero based, Oop shift amount: 3

CDS archive(s) mapped at: [0x0000000000000000-0x0000000000000000-0x0000000000000000), size 0, SharedBaseAddress: 0x0000000800000000, ArchiveRelocationMode: 0.
Narrow klass base: 0x0000000000000000, Narrow klass shift: 0, Narrow klass range: 0x0

GC Precious Log:
<Empty>

Heap:
 garbage-first heap   total 0K, used 0K [0x000000070a000000, 0x0000000800000000)
  region size 2048K, 0 young (0K), 0 survivors (0K)

[error occurred during error reporting (printing heap information), id 0xc0000005, EXCEPTION_ACCESS_VIOLATION (0xc0000005) at pc=0x00007ff90d0c8d89]

GC Heap History (0 events):
No events

Deoptimization events (0 events):
No events

Classes unloaded (0 events):
No events

Classes redefined (0 events):
No events

Internal exceptions (0 events):
No events

VM Operations (0 events):
No events

Events (1 events):
Event: 0.004 Loaded shared library C:\Users\Leon\.jdks\openjdk-17.0.1\bin\java.dll


Dynamic libraries:
0x00007ff6e3bd0000 - 0x00007ff6e3bde000 	C:\Users\Leon\.jdks\openjdk-17.0.1\bin\java.exe
0x00007ff931490000 - 0x00007ff931686000 	C:\Windows\SYSTEM32\ntdll.dll
0x00007ff930850000 - 0x00007ff93090d000 	C:\Windows\System32\KERNEL32.DLL
0x00007ff92ed80000 - 0x00007ff92f049000 	C:\Windows\System32\KERNELBASE.dll
0x00007ff92f180000 - 0x00007ff92f280000 	C:\Windows\System32\ucrtbase.dll
0x00007ff92a6f0000 - 0x00007ff92a708000 	C:\Users\Leon\.jdks\openjdk-17.0.1\bin\jli.dll
0x00007ff929de0000 - 0x00007ff929dfa000 	C:\Users\Leon\.jdks\openjdk-17.0.1\bin\VCRUNTIME140.dll
0x00007ff930ba0000 - 0x00007ff930d40000 	C:\Windows\System32\USER32.dll
0x00007ff91fe90000 - 0x00007ff92012b000 	C:\Windows\WinSxS\amd64_microsoft.windows.common-controls_6595b64144ccf1df_6.0.19041.746_none_ca02b4b61b8320a4\COMCTL32.dll
0x00007ff92f4c0000 - 0x00007ff92f4e2000 	C:\Windows\System32\win32u.dll
0x00007ff931270000 - 0x00007ff93129a000 	C:\Windows\System32\GDI32.dll
0x00007ff92fe30000 - 0x00007ff92fece000 	C:\Windows\System32\msvcrt.dll
0x00007ff92ec70000 - 0x00007ff92ed7b000 	C:\Windows\System32\gdi32full.dll
0x00007ff92ebd0000 - 0x00007ff92ec6d000 	C:\Windows\System32\msvcp_win.dll
0x00007ff930d40000 - 0x00007ff930d70000 	C:\Windows\System32\IMM32.DLL
0x00007ff9296d0000 - 0x00007ff9296dc000 	C:\Users\Leon\.jdks\openjdk-17.0.1\bin\vcruntime140_1.dll
0x00007ff929640000 - 0x00007ff9296cd000 	C:\Users\Leon\.jdks\openjdk-17.0.1\bin\msvcp140.dll
0x00007ff90ca00000 - 0x00007ff90d5be000 	C:\Users\Leon\.jdks\openjdk-17.0.1\bin\server\jvm.dll
0x00007ff92f730000 - 0x00007ff92f7dc000 	C:\Windows\System32\ADVAPI32.dll
0x00007ff9311c0000 - 0x00007ff93125c000 	C:\Windows\System32\sechost.dll
0x00007ff9312a0000 - 0x00007ff9313cb000 	C:\Windows\System32\RPCRT4.dll
0x00007ff92f5a0000 - 0x00007ff92f5a8000 	C:\Windows\System32\PSAPI.DLL
0x00007ff922dd0000 - 0x00007ff922df7000 	C:\Windows\SYSTEM32\WINMM.dll
0x00007ff928850000 - 0x00007ff92885a000 	C:\Windows\SYSTEM32\VERSION.dll
0x00007ff92a6e0000 - 0x00007ff92a6e9000 	C:\Windows\SYSTEM32\WSOCK32.dll
0x00007ff92fef0000 - 0x00007ff92ff5b000 	C:\Windows\System32\WS2_32.dll
0x00007ff92cb30000 - 0x00007ff92cb42000 	C:\Windows\SYSTEM32\kernel.appcore.dll
0x00007ff929630000 - 0x00007ff92963a000 	C:\Users\Leon\.jdks\openjdk-17.0.1\bin\jimage.dll
0x00007ff911b50000 - 0x00007ff911d34000 	C:\Windows\SYSTEM32\DBGHELP.DLL
0x00007ff914030000 - 0x00007ff91405c000 	C:\Windows\SYSTEM32\dbgcore.DLL
0x00007ff92f100000 - 0x00007ff92f180000 	C:\Windows\System32\bcryptPrimitives.dll
0x00007ff9274e0000 - 0x00007ff9274ee000 	C:\Users\Leon\.jdks\openjdk-17.0.1\bin\instrument.dll
0x00007ff929600000 - 0x00007ff929625000 	C:\Users\Leon\.jdks\openjdk-17.0.1\bin\java.dll

dbghelp: loaded successfully - version: 4.0.5 - missing functions: none
symbol engine: initialized successfully - sym options: 0x614 - pdb path: .;C:\Users\Leon\.jdks\openjdk-17.0.1\bin;C:\Windows\SYSTEM32;C:\Windows\WinSxS\amd64_microsoft.windows.common-controls_6595b64144ccf1df_6.0.19041.746_none_ca02b4b61b8320a4;C:\Users\Leon\.jdks\openjdk-17.0.1\bin\server

VM Arguments:
jvm_args: -javaagent:C:\Program Files\JetBrains\IntelliJ IDEA 2021.2.2\lib\idea_rt.jar=63191:C:\Program Files\JetBrains\IntelliJ IDEA 2021.2.2\bin -Dfile.encoding=UTF-8 
java_command: MainAppFrame
java_class_path (initial): C:\Users\Leon\Desktop\FPGA-CoProcessor\src\out\production\FPGA-CoProcessor;C:\Users\Leon\Desktop\jSerialComm-2.7.0.jar
Launcher Type: SUN_STANDARD

[Global flags]
     intx CICompilerCount                          = 4                                         {product} {ergonomic}
     uint ConcGCThreads                            = 3                                         {product} {ergonomic}
     uint G1ConcRefinementThreads                  = 10                                        {product} {ergonomic}
   size_t G1HeapRegionSize                         = 2097152                                   {product} {ergonomic}
    uintx GCDrainStackTargetSize                   = 64                                        {product} {ergonomic}
   size_t InitialHeapSize                          = 257949696                                 {product} {ergonomic}
   size_t MarkStackSize                            = 4194304                                   {product} {ergonomic}
   size_t MaxHeapSize                              = 4127195136                                {product} {ergonomic}
   size_t MinHeapDeltaBytes                        = 2097152                                   {product} {ergonomic}
   size_t MinHeapSize                              = 8388608                                   {product} {ergonomic}
    uintx NonNMethodCodeHeapSize                   = 5839372                                {pd product} {ergonomic}
    uintx NonProfiledCodeHeapSize                  = 122909434                              {pd product} {ergonomic}
    uintx ProfiledCodeHeapSize                     = 122909434                              {pd product} {ergonomic}
    uintx ReservedCodeCacheSize                    = 251658240                              {pd product} {ergonomic}
     bool SegmentedCodeCache                       = true                                      {product} {ergonomic}
   size_t SoftMaxHeapSize                          = 4127195136                             {manageable} {ergonomic}
     bool UseCompressedClassPointers               = true                           {product lp64_product} {ergonomic}
     bool UseCompressedOops                        = true                           {product lp64_product} {ergonomic}
     bool UseG1GC                                  = true                                      {product} {ergonomic}
     bool UseLargePagesIndividualAllocation        = false                                  {pd product} {ergonomic}

Logging:
Log output configuration:
 #0: stdout all=warning uptime,level,tags
 #1: stderr all=off uptime,level,tags

Environment Variables:
CLASSPATH=.;c:\Program Files (x86)\QuickTime\QTSystem\QTJava.zip
PATH=C:\Program Files\Common Files\Oracle\Java\javapath;C:\Users\Leon\gcc\bin;C:\Users\Leon\gcc\libexec\gcc\x86_64-w64-mingw32\11.1.0;C:\Windows\system32;C:\Windows;C:\Windows\System32\Wbem;C:\Windows\System32\WindowsPowerShell\v1.0\;C:\Program Files (x86)\NVIDIA Corporation\PhysX\Common;C:\Program Files\NVIDIA Corporation\NVIDIA NvDLISR;c:\Program Files (x86)\QuickTime\QTSystem\;C:\Program Files\Git\cmd;C:\Users\Leon\AppData\Local\Microsoft\WindowsApps;C:\Program Files\JetBrains\PyCharm Community Edition\bin;;C:\Program Files\JetBrains\CLion 2021.2\bin;;C:\intelFPGA_lite\20.1\modelsim_ase\win32aloem;C:\Users\Leon\AppData\Local\Programs\Python\Python39\Scripts;C:\Program Files\JetBrains\IntelliJ IDEA 2021.2.2\bin;
USERNAME=Leon
OS=Windows_NT
PROCESSOR_IDENTIFIER=AMD64 Family 23 Model 96 Stepping 1, AuthenticAMD



---------------  S Y S T E M  ---------------

OS:
 Windows 10 , 64 bit Build 19041 (10.0.19041.662)
OS uptime: 0 days 10:10 hours

CPU: total 12 (initial active 12) (12 cores per cpu, 2 threads per core) family 23 model 96 stepping 1 microcode 0x0, cx8, cmov, fxsr, ht, mmx, 3dnowpref, sse, sse2, sse3, ssse3, sse4a, sse4.1, sse4.2, popcnt, lzcnt, tsc, tscinvbit, avx, avx2, aes, clmul, bmi1, bmi2, adx, sha, fma, vzeroupper, clflush, clflushopt

Memory: 4k page, system-wide physical 15741M (3832M free)
TotalPageFile size 15741M (AvailPageFile size 178M)
current process WorkingSet (physical memory assigned to process): 10M, peak: 10M
current process commit charge ("private bytes"): 64M, peak: 310M

vm_info: OpenJDK 64-Bit Server VM (17.0.1+12-39) for windows-amd64 JRE (17.0.1+12-39), built on Sep 27 2021 18:39:29 by "mach5one" with MS VC++ 16.8 (VS2019)

END.
